20230105	16:25:31	b017620c-683a-4ba5-a42b-48c1cf866b18	GET	/	undefined
20230105	16:25:31	4d899a50-9e97-4e96-ba32-4a6713e9d71b	GET	/css/style.css	undefined
20230105	16:25:31	05448d58-d22c-4ba4-8b55-7e3b55ebd1e9	GET	/favicon.ico	undefined
20230105	16:28:05	6866bd60-d9fb-4f01-915c-5a093f361f3b	GET	/	undefined
20230105	16:28:05	df5dfe52-c74d-475e-a018-d1e5fb574f86	GET	/css/style.css	undefined
20230105	16:28:05	f7348a83-5a4a-46be-8204-c4379c9bda3a	GET	/favicon.ico	undefined
20230105	16:38:35	5619c14c-acb1-489e-aac8-1b19e4eedce6	GET	/learners	undefined
20230105	16:39:09	929620a0-1963-472f-a480-f012761c2dd4	GET	/learners	undefined
20230105	16:39:55	6bccbbd9-022d-4601-90ed-7da48f8dfa7a	GET	/learners	undefined
20230105	18:08:58	1b0d4d7e-932b-4ece-a9cd-f8cd21b0feec	GET	/learners	undefined
20230105	19:37:30	877ebaf2-a2cc-4794-b149-888f210d1652	POST	/learners	undefined
20230105	19:38:36	5eaa3c4e-00df-4459-81aa-280afee7865b	POST	/learners	undefined
20230105	19:47:26	7e005ee5-3035-4b91-8216-c411caaa95f2	POST	/learners	undefined
20230105	19:48:12	5ac360a4-e3df-4431-9a6c-51fc6d2338d3	POST	/learners	undefined
20230105	19:48:44	d5bcd57a-bf5b-4415-8fcb-576d2a3352ed	POST	/learners	undefined
20230105	19:49:30	760e9f0a-0aee-4250-a9f4-85a441d144ab	POST	/learners	undefined
20230106	15:15:44	381a07a5-c15a-4bb2-9bc5-8b9193dc4b76	GET	/	undefined
20230106	15:15:44	70cd8710-d9af-4114-9400-c43df651b51f	GET	/css/style.css	undefined
20230106	17:06:10	b0f178f8-97cf-4872-b6d1-82bec774077e	GET	/	undefined
20230106	17:06:10	d24e3dcc-7eca-46b2-85ce-dffc53e7e52a	GET	/css/style.css	undefined
20230106	17:06:10	b32f8133-1d10-4024-a3da-5c0ebf96381e	GET	/favicon.ico	undefined
20230106	17:06:21	44268425-c721-4310-8f62-a237407988c6	GET	/learners	undefined
20230106	17:10:37	52e53b9e-8183-457b-89df-7635bd09fc83	GET	/learners	undefined
20230106	17:12:27	e953c860-c63b-4010-8af2-e2afe4c7c24f	GET	/learners	undefined
20230106	17:12:27	af7a22ac-26a4-40f0-83c8-41c673cc9d3d	GET	/favicon.ico	undefined
20230106	17:13:02	3d095aa9-5408-4d1c-9ac1-cf45c6356ded	GET	/learners	undefined
20230106	17:14:04	ef99e4bd-c5a8-4da9-9cd0-05cf615eaae5	GET	/learners	undefined
20230106	17:14:05	0d27e096-4f1b-4943-b748-a499da6034e8	GET	/favicon.ico	undefined
20230106	17:15:10	6803d5d3-a485-49f4-ada2-45a0684b68eb	GET	/learners	undefined
20230106	19:36:25	efcc665a-5eee-4bac-ac41-a53076fa8c23	GET	/api/get	undefined
20230109	18:59:39	f7ef61c6-ef54-420c-841b-dac1fad6125f	GET	/	undefined
20230109	18:59:39	d363ad43-518d-4744-9df1-40a33e7db73d	GET	/css/style.css	undefined
20230109	19:00:08	d349e3d1-558f-4b17-9a30-fcbafee4f527	POST	/api/v1	undefined
20230109	19:01:37	1e4aa8ad-e7fd-4296-a34f-2cff9afca031	GET	/api/v1/students	undefined
20230109	19:02:02	fcecea08-808c-43b1-94a0-a159a9062cf6	GET	/api/v1/students	undefined
20230109	19:02:02	5f3c0fae-0625-4c1d-a8a5-171910f146de	GET	/api/v1/css/style.css	undefined
20230109	20:34:02	81c9985b-8c8a-462d-99e9-94102c4d3e9f	GET	/api/v1/students	undefined
20230109	20:34:02	ca17a112-3ae7-4fb1-96d3-5ada37a821a5	GET	/api/v1/css/style.css	undefined
20230109	20:34:02	50e7e761-3a01-494b-90fe-f38823802133	GET	/api/v1/css/style.css	undefined
20230109	20:34:02	6bf49cee-7a01-414a-96a1-dfcd511d9287	GET	/favicon.ico	undefined
20230109	20:34:17	56599799-d9c1-4d1e-a144-042f8fd40f99	GET	/	undefined
20230109	20:34:17	51bbe249-d8d1-4aa0-8398-b2ec4ba68e9f	GET	/css/style.css	undefined
20230109	20:34:24	76a855fa-3426-4b30-b3d2-883c9e6b3730	GET	/api/v1/students	undefined
20230109	20:37:19	47220128-ed2e-4655-9518-32747f4f05ae	GET	/api/v1/students	undefined
20230109	20:43:56	df5f9e56-6b33-4175-9737-b33f4fb4cc71	GET	/api/v1/students	undefined
20230109	20:51:06	53f061dd-d0d2-4edc-9660-fa4cd763d476	GET	/students	undefined
20230109	20:56:57	e4700559-0308-4c48-9881-bd88b1cd0428	GET	/students	undefined
20230109	22:53:33	0834ce57-7e6a-46fa-a9e2-242ab5ae0c80	GET	/students	undefined
20230109	22:56:01	38b5dab0-0d67-40e1-bdb4-40c062a3d9df	GET	/students	undefined
20230109	22:56:51	ac9cfc27-0d30-44f8-87bf-7b41a9b78fe5	GET	/students	undefined
20230109	22:58:40	3ab49182-cbb4-4eb5-8c2c-10b760d7b2da	GET	/students	undefined
20230109	23:09:14	05d90765-2f19-4cfa-875f-5e974d470e8f	GET	/api/v1/students	undefined
20230109	23:10:19	630ffc97-d684-4502-b266-b37c87dde27e	GET	/api/v1/students	undefined
20230109	23:11:52	85405b97-00f3-4645-8ff1-7d576d24a325	POST	/api/v1/students	undefined
20230109	23:14:14	55a0e52f-e712-48bf-af4a-5fe4d0a1ba6c	PATCH	/api/v1/students	undefined
20230109	23:14:46	73cac3a9-71ae-4844-ab90-c05b19f37a37	DELETE	/api/v1/students	undefined
20230109	23:15:14	0004656f-8e52-4d38-9dd5-32eec8d61ab0	DELETE	/api/v1/students	undefined
20230109	23:17:48	954ff400-782e-4b68-848d-013c8ed3c170	DELETE	/api/v1/students	undefined
20230109	23:18:05	90470953-f9cd-4f27-8ab6-dce8e1e82528	DELETE	/api/v1/students	undefined
20230109	23:18:30	1e07b466-26d4-48a5-a348-b40ad8458c06	DELETE	/api/v1/students	undefined
20230110	15:12:53	ca8e08d5-b720-49dc-b1e5-c6e1c5c43383	GET	/api/v1/students	http://localhost:3000
20230110	15:12:53	0621fef2-6be6-4587-9246-6a6a72de1a21	GET	/api/v1/students	http://localhost:3000
20230110	15:13:55	3a656392-1388-4a40-a592-457153c2c449	GET	/api/v1/students	http://localhost:3000
20230110	15:13:55	36e34f71-7683-4ee8-b456-858b16694940	GET	/api/v1/students	http://localhost:3000
20230110	15:15:01	e11ef979-4bd2-4504-a250-3eed1c3cf878	GET	/api/v1/students	http://localhost:3000
20230110	15:15:01	e49a5003-0b66-40bd-9320-2f277f785f3e	GET	/api/v1/students	http://localhost:3000
20230110	15:15:33	c7ae28de-6c43-4801-8cd4-67487d957630	GET	/api/v1/students	http://localhost:3000
20230110	15:15:33	1e2b3574-4d00-4d0e-84ad-adddaf41a27a	GET	/api/v1/students	http://localhost:3000
20230110	15:15:45	d1185dbd-7cc1-492a-9584-e8a3e5a4f66b	GET	/api/v1/students	http://localhost:3000
20230110	15:15:45	60bd52b5-31cc-47a1-aea2-c3c181c307e4	GET	/api/v1/students	http://localhost:3000
20230110	15:18:11	d1225d7b-ddd2-44d0-bf19-57d55bc57bfd	GET	/api/v1/students	http://localhost:3000
20230110	15:18:11	6b259c18-48db-485c-9544-902f9ec79afe	GET	/api/v1/students	http://localhost:3000
20230110	15:18:15	a4cf8670-1fee-419c-b24c-8ca173fb1e20	GET	/api/v1/students	http://localhost:3000
20230110	15:18:15	3b9e64ef-69c5-4189-951e-c07f2ea0762d	GET	/api/v1/students	http://localhost:3000
20230110	15:19:22	041b42d8-176a-4a1a-8fcf-e9521a0bcc84	GET	/	undefined
20230110	15:19:22	9f9cb0b3-b8b2-47ff-9338-44e7a1aaf086	GET	/css/style.css	undefined
20230110	15:19:22	29b9bc73-55b1-4b42-b385-88eb541756f0	GET	/favicon.ico	undefined
20230110	15:19:37	2a5a748d-fdfa-4b0d-8d43-55eb9e57cc61	GET	/api/v1/students	undefined
20230110	15:20:42	9b5dbbfd-47bb-4cd0-8ae8-ea6b4369ff6e	GET	/api/v1/students	http://localhost:3000
20230110	15:20:42	e4fb3128-fc90-407d-be56-c612a783b8f3	GET	/api/v1/students	http://localhost:3000
20230110	15:21:09	ef9cead6-8b6d-4a0f-aea5-4c84b1c4a89b	GET	/api/v1/students	http://localhost:3000
20230110	15:21:49	194dff2b-41eb-4bdc-93c3-eb40cbe422a1	GET	/api/v1/students	http://localhost:3000
20230110	15:21:49	48e05b4f-a7f2-4953-8239-d248ca5c4ed1	GET	/api/v1/students	http://localhost:3000
20230110	15:21:55	318a88ab-5b8a-44b4-80e1-64e02ba46216	GET	/api/v1/students	http://localhost:3000
20230110	15:21:55	4aa78169-776a-4e9f-87b0-b6dbb59af7f7	GET	/api/v1/students	http://localhost:3000
20230110	15:22:15	ba05af4c-fea1-4325-a059-297dd9aca1e1	GET	/api/v1/students	http://localhost:3000
20230110	15:22:15	e7806502-418a-4746-a9aa-5f4a12bb560d	GET	/api/v1/students	http://localhost:3000
20230110	15:22:35	bbb7610d-ce7a-40c9-a9fa-76297f8f2d4e	GET	/api/v1/students	http://localhost:3000
20230110	15:22:35	f8f2765c-978d-450e-93db-16e208917db9	GET	/api/v1/students	http://localhost:3000
20230110	15:24:34	cb2ac361-f7dc-4fd2-86c9-94237a3a18ad	GET	/api/v1/students	http://localhost:3000
20230110	15:24:34	e6a50b7d-c108-4cf0-8c90-2e211dbd7939	GET	/api/v1/students	http://localhost:3000
20230110	16:19:06	dc57052a-33a2-4a44-9497-b1c3011216df	GET	/api/v1/students	http://localhost:3000
20230110	16:20:22	a83d854e-f11d-434b-93ca-0684aa62e804	GET	/api/v1/students	http://localhost:3000
20230110	16:20:33	6e0329dc-7f90-4e9c-b604-ce81eedb432c	GET	/api/v1/students	http://localhost:3000
20230110	16:20:33	8cfcb986-5fdf-4490-b460-16d9ed936d8c	GET	/api/v1/students	http://localhost:3000
20230110	16:20:37	2d4cd0c7-5c99-418a-9bd8-7119d51aafa2	GET	/api/v1/students	http://localhost:3000
20230110	16:20:37	6ee35b3c-e738-4611-a05b-f6d4764b0fed	GET	/api/v1/students	http://localhost:3000
20230110	16:21:03	960d8dc8-134f-49e3-9954-ed5e3ea68cfb	GET	/api/v1/students	http://localhost:3000
20230110	16:23:23	a04afed6-b2c2-4cd8-bc5c-f68a67bb145c	GET	/api/v1/students	http://localhost:3000
20230110	16:25:29	33651fb9-f485-4357-856c-35335b523f79	GET	/api/v1/students	http://localhost:3000
20230110	16:25:42	efa8562d-3ae8-4d13-893a-595b7af34761	GET	/api/v1/students	http://localhost:3000
20230110	16:26:34	7beb3fef-a064-4cde-a077-30fc937b3b5f	GET	/api/v1/students	http://localhost:3000
20230110	16:44:06	46aec71a-84bc-4593-9071-d218d7605c3e	GET	/api/v1/students	http://localhost:3000
20230110	16:45:19	9bcf16ae-e350-4e63-8d9d-332b1ea8cb22	GET	/api/v1/students	http://localhost:3000
20230110	16:45:19	d2a79482-20b3-4f03-b6c0-1cfe6c305683	GET	/api/v1/students	http://localhost:3000
20230110	18:15:50	46102eac-1a52-41d9-8d39-271b79f4ab7f	GET	/api/v1/students	http://localhost:3000
20230110	18:15:50	30713455-5d58-4927-8d2a-345b402e2b29	GET	/api/v1/students	http://localhost:3000
20230110	18:17:12	aecb7c1b-dbbe-45ad-a2c0-4990dc69f11c	GET	/api/v1/students	http://localhost:3000
20230110	18:17:15	7095de45-05f3-48ec-baeb-887d343577bf	GET	/api/v1/students	http://localhost:3000
20230110	18:17:15	03824317-eb53-4aa1-80ca-d91e24bb4c35	GET	/api/v1/students	http://localhost:3000
20230110	18:20:19	fc992d17-0fe6-4ddb-bd5b-752b5b4b8ba3	GET	/api/v1/students	http://localhost:3000
20230110	18:20:19	e090c150-8eed-4718-90bc-e21845b89d5d	GET	/api/v1/students	http://localhost:3000
20230110	18:20:45	4ed7c103-c498-456f-bcaa-a5d40678c56b	GET	/api/v1/students	http://localhost:3000
20230110	18:20:45	9419ef06-b7ed-49a2-9e70-8378cfceb63a	GET	/api/v1/students	http://localhost:3000
20230110	18:27:07	c9667d4d-fbc7-466d-9856-6dc0dc66fa7e	GET	/api/v1/students	http://localhost:3000
20230110	18:27:07	5e077594-e600-435d-9d4d-2c590e71eae5	GET	/api/v1/students	http://localhost:3000
20230110	18:27:17	cdf9cf3f-47f1-4515-945c-0ea8dc67946d	GET	/api/v1/students	http://localhost:3000
20230110	18:27:32	dc0a9d61-a18c-4019-8e9e-33b8be7dc14e	GET	/api/v1/students	http://localhost:3000
20230110	18:27:32	075d1e4d-7170-4fcf-92a4-5eb129738fb7	GET	/api/v1/students	http://localhost:3000
20230110	20:00:06	58560e34-b81e-4e0c-8a4b-ea7b665a5c9a	OPTIONS	/api/v1/students	http://localhost:3000
20230110	20:00:06	b909d289-4adf-4101-a0b5-afcfeb36c09e	POST	/api/v1/students	http://localhost:3000
20230110	20:03:28	496513f7-52e8-4248-84e3-c854da4d2f4a	OPTIONS	/api/v1/students	http://localhost:3000
20230110	20:03:28	78d3160e-6182-468f-bdff-9614dbcb138f	POST	/api/v1/students	http://localhost:3000
20230110	20:04:26	cf566f31-4cd4-4c1a-a6a3-9fe4ee8aa38e	POST	/api/v1/students	undefined
20230110	20:04:40	27a13da3-4977-400a-83f8-ad11ce898f61	POST	/api/v1/students	undefined
20230110	20:08:14	d9f57aad-2945-4de0-b500-757b82144210	OPTIONS	/api/v1/students	http://localhost:3000
20230110	20:08:14	bd2dcb95-8b34-46ff-b554-4a6a3a48ecfb	POST	/api/v1/students	http://localhost:3000
20230110	20:09:48	861eee15-a025-4f7f-b61d-5d1c32649452	OPTIONS	/api/v1/students	http://localhost:3000
20230110	20:09:48	60468bc8-439c-451a-99cb-d5f02ab0b2c9	POST	/api/v1/students	http://localhost:3000
20230110	20:10:15	f25d297d-c3cc-4663-a80e-7d5472033c69	GET	/api/v1/students	http://localhost:3000
20230110	20:10:15	13c85efe-99a3-4830-9fa0-ec62e039de33	GET	/api/v1/students	http://localhost:3000
20230110	20:14:07	b64eda30-2fce-43a7-b00e-9c469c0a2870	OPTIONS	/api/v1/students	http://localhost:3000
20230110	20:14:07	4d14c900-123d-4f0e-97e8-55b5fccae7c5	POST	/api/v1/students	http://localhost:3000
20230110	20:15:19	fad989c5-b163-4c86-8a57-d88bcc883d4b	OPTIONS	/api/v1/students	http://localhost:3000
20230110	20:15:19	369f4a62-4728-4414-b127-cf5930dd52ec	POST	/api/v1/students	http://localhost:3000
20230110	20:16:43	bb440d73-acff-4bb7-bc5d-a713eb156d6d	OPTIONS	/api/v1/students	http://localhost:3000
20230110	20:16:43	a19dfa2d-8fea-4e92-afa8-a0ad13bc0ffe	POST	/api/v1/students	http://localhost:3000
20230110	20:26:05	b04d0389-c9b6-4b15-b510-817476e3a98a	OPTIONS	/api/v1/students	http://localhost:3000
20230110	20:26:05	aa796737-90bb-49a6-860f-1844e1234a63	POST	/api/v1/students	http://localhost:3000
20230110	20:26:19	86eeb996-a900-4459-9ab1-b7a5817fa0c4	GET	/api/v1/students	undefined
20230110	20:27:21	88ea776a-9342-49fb-87c3-26ebcad3a7b8	OPTIONS	/api/v1/students	http://localhost:3000
20230110	20:27:21	68b1a477-51cc-4d3f-87ac-bf400252c857	POST	/api/v1/students	http://localhost:3000
20230110	20:29:02	88b45769-0c49-4128-8632-6a37aa8975d4	OPTIONS	/api/v1/students	http://localhost:3000
20230110	20:29:02	bfce345f-5ce1-43c2-98f9-5ccee4ddb65c	POST	/api/v1/students	http://localhost:3000
20230110	20:32:45	f9732581-6903-419f-a509-693ef424a47f	OPTIONS	/api/v1/students	http://localhost:3000
20230110	20:32:45	2459c2b3-ffb6-42ca-898b-3a5d9db77758	POST	/api/v1/students	http://localhost:3000
20230110	20:33:37	3744e935-18f0-4aab-8d66-d10a1f245c18	OPTIONS	/api/v1/students	http://localhost:3000
20230110	20:33:37	bb2c4846-e6c3-48a8-9ced-14ed85ac08c7	POST	/api/v1/students	http://localhost:3000
20230110	20:33:50	a4e717e1-f23a-4f1a-9ad0-7fa0ab7121c6	OPTIONS	/api/v1/students	http://localhost:3000
20230110	20:33:50	2bf5451a-7e34-45ee-9218-bfdd237998e0	POST	/api/v1/students	http://localhost:3000
20230110	20:36:50	dad58e7c-2388-49dd-b30f-0cd4bdd9c81c	OPTIONS	/api/v1/students	http://localhost:3000
20230110	20:36:50	eaacadef-d395-4276-a47f-5116ca092bf0	POST	/api/v1/students	http://localhost:3000
20230110	20:40:06	0bb2bcd2-a613-4446-ba40-43c5294d3a21	OPTIONS	/api/v1/students	http://localhost:3000
20230110	20:40:06	56c9ee3e-da2f-4b65-9580-c19191e1c4f6	POST	/api/v1/students	http://localhost:3000
20230110	20:40:06	4e476a92-d60c-4275-872f-9f88016391f6	GET	/api/v1/students	http://localhost:3000
20230110	20:40:06	c53a6a30-f675-409e-a52d-10bbc9f8ac89	GET	/api/v1/students	http://localhost:3000
20230110	22:16:14	bb91e64c-0a1a-41b2-b99f-87442ebe6c55	GET	/api/v1/students	http://localhost:3000
20230110	22:16:14	cddd56c9-8d4d-4750-9cf4-1800885d9c06	GET	/api/v1/students	http://localhost:3000
20230110	22:19:53	91e9fa7d-b775-42d5-863e-61b079a34b11	GET	/api/v1/students	http://localhost:3000
20230110	22:19:53	4129a576-ce21-42f8-8059-dd7bfee23199	GET	/api/v1/students	http://localhost:3000
20230110	22:20:01	529edcd5-aa89-4e9b-acf4-a3b08ab57378	GET	/api/v1/students	http://localhost:3000
20230110	22:20:01	eff40f9b-a3b5-4c4b-824a-d0ed010dd621	GET	/api/v1/students	http://localhost:3000
20230110	22:20:33	8c4f295c-6a0d-4142-a4f3-cc78b9eb80c0	GET	/api/v1/students	http://localhost:3000
20230110	22:20:33	be0fb23a-136d-4762-bf80-1e10017f9f45	GET	/api/v1/students	http://localhost:3000
20230110	22:20:38	f60c6c59-af68-4f83-bb6b-35631af9b2ff	GET	/api/v1/students	http://localhost:3000
20230110	22:20:38	72cf6ee0-deac-4901-b7f8-c39396e73deb	GET	/api/v1/students	http://localhost:3000
20230110	22:23:30	45722e2a-fb11-4a2e-bba5-404f80513cf7	GET	/api/v1/students	http://localhost:3000
20230110	22:23:40	e1ccc48c-eb37-457c-858e-e7dca362b040	GET	/api/v1/students	http://localhost:3000
20230110	22:23:40	38144e34-eb6a-43fb-ab6e-65a7e8574c0b	GET	/api/v1/students	http://localhost:3000
20230110	22:23:44	7d50ac41-099d-412d-85d9-8dca74e4d677	GET	/api/v1/students	http://localhost:3000
20230110	22:23:44	522159a5-d949-4902-b007-77e3488e8d71	GET	/api/v1/students	http://localhost:3000
20230110	22:23:51	7b551432-debc-4ddc-b164-5c2cc247c2c7	GET	/api/v1/students	http://localhost:3000
20230110	22:23:51	f8c90aea-4530-4b0b-a6d7-d5ea7ee96b56	GET	/api/v1/students	http://localhost:3000
20230110	22:24:07	2d9b5f18-89ad-4718-be1c-7915964b5b29	GET	/api/v1/students	http://localhost:3000
20230110	22:24:07	b69493fc-02b8-4606-80e3-d0d7df6bb166	GET	/api/v1/students	http://localhost:3000
20230110	22:24:13	d3c07f2e-949f-487d-a0a8-dc41edf5f541	GET	/api/v1/students	http://localhost:3000
20230110	22:24:13	8d527c09-77dc-44fe-bc05-700ee552f595	GET	/api/v1/students	http://localhost:3000
20230110	22:24:27	c8dc5c98-0f9a-43bd-8cd0-50d8facfa3df	GET	/api/v1/students	http://localhost:3000
20230110	22:24:27	3e8af4f9-2376-4427-8017-12bb61853838	GET	/api/v1/students	http://localhost:3000
20230110	22:24:35	063daaa8-58c9-4223-b82c-adabf8e75510	GET	/api/v1/students	http://localhost:3000
20230110	22:24:35	b3e42940-b593-499e-a01e-1e3176b0cfc2	GET	/api/v1/students	http://localhost:3000
20230110	22:24:40	cf66f0f9-6dcc-48da-8acd-a1863efaca7a	GET	/api/v1/students	http://localhost:3000
20230110	22:24:40	399e9d85-2d03-4a11-b085-c44af8cfdaab	GET	/api/v1/students	http://localhost:3000
20230110	22:24:46	287d0caa-bf20-4f14-8d09-e8d7a8ddfdf4	GET	/api/v1/students	http://localhost:3000
20230110	22:24:46	9421dda8-3505-472e-b5c5-0e9b686798ba	GET	/api/v1/students	http://localhost:3000
20230110	22:24:57	959f380c-ab78-4aaa-8f24-aec8aa65c363	GET	/api/v1/students	http://localhost:3000
20230110	22:24:57	e05a940f-9936-446e-98ba-b48f3221647d	GET	/api/v1/students	http://localhost:3000
20230110	22:25:03	d10f90ba-8c03-44ce-b0ab-2046058231e0	GET	/api/v1/students	http://localhost:3000
20230110	22:25:03	a7aa26f5-93c9-4830-81ae-61ed9c1bf4a4	GET	/api/v1/students	http://localhost:3000
20230110	22:25:18	355f77d7-81a7-4d8b-975e-69dac106fc22	GET	/api/v1/students	http://localhost:3000
20230110	22:25:43	944f213c-f3e3-4874-8fca-58be8f8e222d	GET	/api/v1/students	http://localhost:3000
20230110	22:25:43	1e1b1913-572b-4ca4-b005-ca17e407d820	GET	/api/v1/students	http://localhost:3000
20230110	22:27:10	67ff108a-36da-4ce1-8284-4e3ae485296a	GET	/api/v1/students	http://localhost:3000
20230110	22:27:10	9676b69d-ba50-487f-9411-a77fb26610f2	GET	/api/v1/students	http://localhost:3000
20230110	22:27:26	2ea8835b-cef9-43a0-bff9-ca888a0ca204	GET	/api/v1/students	http://localhost:3000
20230110	22:27:26	ec62db9e-7125-4270-a732-8a2d533a5363	GET	/api/v1/students	http://localhost:3000
20230110	22:27:31	7170c757-965c-4881-9c18-a3641c120d36	GET	/api/v1/students	http://localhost:3000
20230110	22:27:31	88d27d27-56ae-4858-aab5-c4f3e23da738	GET	/api/v1/students	http://localhost:3000
20230110	22:28:30	d09a74a1-0982-40cd-8254-82f978788309	GET	/api/v1/students	http://localhost:3000
20230110	22:28:30	15fb962f-508b-4eca-ab68-d907fd4193f5	GET	/api/v1/students	http://localhost:3000
20230110	22:28:32	2718297c-65d1-48fd-9771-ef50aee62ec4	GET	/api/v1/students	http://localhost:3000
20230110	22:28:32	ad9fa2eb-6e3d-41ad-9a8e-b699d8a1f444	GET	/api/v1/students	http://localhost:3000
20230110	23:05:18	a188bcfd-627e-4974-a863-2ed34efe7423	GET	/api/v1/students	http://localhost:3000
20230110	23:05:18	a736f632-b4d7-4a86-8cde-52222435bb7b	GET	/api/v1/students	http://localhost:3000
20230110	23:05:22	378400e3-2141-498d-a687-2777600bfafe	GET	/api/v1/students	http://localhost:3000
20230110	23:05:22	339a087e-8acb-4b13-95a7-861227e24d61	GET	/api/v1/students	http://localhost:3000
20230110	23:06:46	95a139cb-b9ad-4266-a4bb-3887676be57b	GET	/api/v1/students	http://localhost:3000
20230110	23:06:46	34b636ce-55dd-4a4e-b6f3-ec46d4e7beef	GET	/api/v1/students	http://localhost:3000
20230110	23:06:50	ecd4646f-353b-4619-ae84-3dc9aca317cb	GET	/api/v1/students	http://localhost:3000
20230110	23:06:50	a228aa92-bd9a-420d-a6f3-3ef70bca8afa	GET	/api/v1/students	http://localhost:3000
20230110	23:06:55	c48266bc-4c46-4ddf-9aa0-eefa77e26a9d	GET	/api/v1/students	http://localhost:3000
20230110	23:06:55	d1e834e8-c6f4-4238-aca9-564133592cb1	GET	/api/v1/students	http://localhost:3000
20230110	23:07:00	c6892fd0-507f-48e8-a439-d74f48764c27	GET	/api/v1/students	http://localhost:3000
20230110	23:07:00	480f380f-00df-48f3-9922-e014c11dda1b	GET	/api/v1/students	http://localhost:3000
20230110	23:07:04	89f5c467-3175-41a0-9a41-345837d7d594	GET	/api/v1/students	http://localhost:3000
20230110	23:07:04	03e447fb-b278-4bdf-bb6b-965b84b65d74	GET	/api/v1/students	http://localhost:3000
20230110	23:07:06	dd457bb2-8e59-4adf-870c-5ab061f924d7	GET	/api/v1/students	http://localhost:3000
20230110	23:07:06	e6aaaac7-01f0-4d54-aa16-e9d52e929a04	GET	/api/v1/students	http://localhost:3000
20230110	23:07:09	c9cab337-3564-486c-a014-55826e264905	GET	/api/v1/students	http://localhost:3000
20230110	23:07:09	2cbfa055-c6e1-4326-bd3c-fa652a495cf2	GET	/api/v1/students	http://localhost:3000
20230110	23:07:10	8c3bbb09-54af-4059-b745-12a8e421fcf2	GET	/api/v1/students	http://localhost:3000
20230110	23:07:10	23ca555f-fd58-43d7-99f6-d4f3ce0cf5c9	GET	/api/v1/students	http://localhost:3000
20230110	23:07:15	e6b28cae-5ee5-477f-8142-7dd4570af480	GET	/api/v1/students	http://localhost:3000
20230110	23:07:15	02b4d0e6-5e9b-48d5-902e-b5f8c5677725	GET	/api/v1/students	http://localhost:3000
20230110	23:23:39	acb5bf8b-ce8c-4515-840f-2432af74691a	GET	/api/v1/students	http://localhost:3000
20230110	23:24:10	1c8d04a3-e4c4-462a-b89c-cd544c572164	GET	/api/v1/students	http://localhost:3000
20230110	23:24:10	e008e3d7-6071-4099-a85f-73bb898bbcc6	GET	/api/v1/students	http://localhost:3000
20230111	00:21:14	d95a0639-919d-49a0-bd99-db3ea27e20cf	GET	/api/v1/students	http://localhost:3000
20230111	00:35:56	eb108999-74c6-4bfa-ad1d-c852a0390d31	GET	/api/v1/students	http://localhost:3000
20230111	00:36:11	fdf525e0-d0fa-4104-b0ac-62a3862f131d	GET	/api/v1/students	http://localhost:3000
20230111	00:38:34	74a1ae73-291c-4b72-bd60-890d80222062	GET	/api/v1/students	http://localhost:3000
20230111	00:38:47	65dfdc48-6e74-40f2-a34e-7d91212d0020	GET	/api/v1/students	http://localhost:3000
20230111	00:38:47	4013a72b-c9cd-4252-9bb6-d754b56d956d	GET	/api/v1/students	http://localhost:3000
20230111	00:38:50	986a3217-746e-47ea-b904-f768217289a2	GET	/api/v1/students	http://localhost:3000
20230111	00:38:50	7e7fbad2-b4d1-4d52-8c65-d3f5b54f79df	GET	/api/v1/students	http://localhost:3000
20230111	00:40:32	9fb5127a-d495-4dd5-bc4b-8e44fbbd749f	GET	/api/v1/students	http://localhost:3000
20230111	00:40:32	69d18fd7-85d8-4cc5-bdc0-d6e5c754efbb	GET	/api/v1/students	http://localhost:3000
20230111	00:40:32	d5b39691-ccab-484e-bae6-24c0c3ff335f	GET	/api/v1/students	http://localhost:3000
20230111	00:40:32	31608532-3f66-41de-b3fc-a4ef93e8bc80	GET	/api/v1/students	http://localhost:3000
20230111	00:45:32	7dd4416b-14d6-4651-9bc2-2d2049fc4ba9	GET	/api/v1/students	http://localhost:3000
20230111	00:45:32	519e97de-5ab9-43f6-af0a-ebc8f66cb266	GET	/api/v1/students	http://localhost:3000
20230111	01:05:07	56c7ef04-ada9-468a-b2b2-7fcbdb4e01c2	DELETE	/api/v1/students	undefined
20230111	01:05:19	e60c8395-7f25-4ab8-9bfb-452b5879462a	DELETE	/api/v1/students	undefined
20230111	01:05:26	42f88310-3033-4e6d-ab80-701cfe6746b5	GET	/api/v1/students	undefined
20230111	01:15:15	d7b3d4a9-0e07-429e-830b-5d9d885f7999	GET	/api/v1/students	http://localhost:3000
20230111	01:15:15	b5448376-29bb-48ff-9d33-fbae5f5aea9e	GET	/api/v1/students	http://localhost:3000
20230111	01:19:28	7fd1b265-df20-4b11-90bd-7888be883942	GET	/api/v1/students	http://localhost:3000
20230111	01:19:28	0f56f07f-d653-46cc-b158-e683795e7503	GET	/api/v1/students	http://localhost:3000
20230111	01:19:50	468f4a7c-c415-4907-a8ab-4d71721ea3fe	GET	/api/v1/students	http://localhost:3000
20230111	01:22:15	3bf3c271-7c6a-4f05-aae5-b2d53bca8179	GET	/api/v1/students	http://localhost:3000
20230111	01:22:15	30d7803e-1ee8-47d8-992f-b421ffade703	GET	/api/v1/students	http://localhost:3000
20230111	01:23:12	497d7ee0-ec78-47cc-8a30-64c549ea5da1	GET	/api/v1/students	http://localhost:3000
20230111	01:23:12	0b3a74b9-5c58-4668-9632-9863245a68d7	GET	/api/v1/students	http://localhost:3000
20230111	01:23:15	2cd26ce6-6769-4c91-8a99-be44678f71a9	GET	/api/v1/students	http://localhost:3000
20230111	01:23:15	1ff08a71-53fd-4b06-8842-31905cac91eb	GET	/api/v1/students	http://localhost:3000
20230111	01:26:15	e1fa8b63-c455-437f-a83d-689814faaaff	GET	/api/v1/students	http://localhost:3000
20230111	01:26:15	f97a7aea-d118-4a94-ace9-27278838458b	GET	/api/v1/students	http://localhost:3000
20230111	01:37:34	70d41458-2ccb-40b4-8e4c-d0b4787e5dbc	GET	/api/v1/students	http://localhost:3000
20230111	01:37:34	489e4bfa-0395-418e-887a-e9c0ce9ea56d	GET	/api/v1/students	http://localhost:3000
20230111	01:41:40	84c281ca-b7e5-40a4-93d6-a15d6774092a	GET	/api/v1/students	http://localhost:3000
20230111	01:41:40	66b228ac-d1cc-4c40-bb08-85c2c137b5e6	GET	/api/v1/students	http://localhost:3000
20230111	01:42:53	b773413b-8309-476d-a1c6-97f5cedfd7d4	GET	/api/v1/students	http://localhost:3000
20230111	01:42:53	44ac4309-a9ec-48a4-b3b7-5278ce7f5720	GET	/api/v1/students	http://localhost:3000
20230111	01:44:12	b249b7ad-89a9-4190-98b5-05b2d7c88bd5	GET	/api/v1/students	http://localhost:3000
20230111	01:44:17	0e456808-27bf-42c8-bde2-84e55af9658d	GET	/api/v1/students	http://localhost:3000
20230111	01:44:17	2e259f31-9bbc-41a2-a311-106779028453	GET	/api/v1/students	http://localhost:3000
20230111	01:46:00	63b74440-a36c-4fce-90ff-d01569c9cc4e	OPTIONS	/api/v1/students	http://localhost:3000
20230111	01:46:00	5942d1bc-388a-4e07-a774-7a803a0c6d61	PATCH	/api/v1/students	http://localhost:3000
20230111	01:46:00	b978e175-fe79-4f79-81ec-c12e0df06602	GET	/api/v1/students	http://localhost:3000
20230111	01:46:00	67207d62-eba1-48de-a1d2-2748ffa89b8e	GET	/api/v1/students	http://localhost:3000
20230111	01:48:14	3c68a634-4f08-4f1b-835d-96ae3cbc435b	GET	/api/v1/students	http://localhost:3000
20230111	01:48:15	149bb191-be24-44a0-893e-3720abd9b612	GET	/api/v1/students	http://localhost:3000
20230111	01:51:20	d6173737-df1f-4256-b631-53df7503a737	GET	/api/v1/students	http://localhost:3000
20230111	01:51:20	2463df16-5eb2-475c-adb5-ff2cf1ca532b	GET	/api/v1/students	http://localhost:3000
20230111	01:55:03	90673c85-12a7-4485-b3bf-4e502cfc9846	OPTIONS	/api/v1/students	http://localhost:3000
20230111	01:55:03	b37d590a-bd92-471d-b7b2-7a717a9edddc	POST	/api/v1/students	http://localhost:3000
20230111	01:55:04	07bb8d41-1408-4a5e-abd8-1eb8143b763d	GET	/api/v1/students	http://localhost:3000
20230111	01:55:04	1c9eb4b8-7eee-4005-86b1-8bab95892167	GET	/api/v1/students	http://localhost:3000
20230111	01:58:13	0ddddc6e-9877-41a7-88fa-da53e8501bad	GET	/api/v1/students	http://localhost:3000
20230111	01:58:13	9eb764b6-92e3-41fa-a6aa-add59d3d3a68	GET	/api/v1/students	http://localhost:3000
20230111	02:02:01	c3e3fd16-6cfd-42cc-9da6-33bbacd3076f	GET	/api/v1/students	http://localhost:3000
20230111	02:02:01	7109dc67-bb0e-47c5-a461-ab7353f50372	GET	/api/v1/students	http://localhost:3000
20230111	02:04:13	feac1e6e-5a65-4dd6-a0c3-01c04b023a5a	GET	/api/v1/students	http://localhost:3000
20230111	02:04:13	821aa708-4c3c-4c5d-8b91-1e6c6617d77f	GET	/api/v1/students	http://localhost:3000
20230111	02:06:42	ff7a8c11-5993-44fb-b3c6-42b2b4f3ce6d	GET	/api/v1/students	http://localhost:3000
20230111	02:06:42	650ff774-6c7b-4923-9775-ba346f51d37b	GET	/api/v1/students	http://localhost:3000
20230111	02:24:32	a1160446-8dfe-40fd-9a7b-9df59b05abf3	GET	/api/v1/students	http://localhost:3000
20230111	02:24:32	b41c4e63-d4b9-402b-a0a8-ccd871c5f706	GET	/api/v1/students	http://localhost:3000
20230111	02:25:35	cba31b87-10e0-433e-a7bf-86cc2c15a2ac	GET	/api/v1/students	http://localhost:3000
20230111	02:25:35	8052653b-653c-4fc5-bdfc-bed7bebf3355	GET	/api/v1/students	http://localhost:3000
20230111	02:25:38	5f9db027-4a00-41f6-9ab1-d76f33d7b988	GET	/api/v1/students	http://localhost:3000
20230111	02:25:38	0f9db4f4-93be-4b25-817b-500bbe36aa84	GET	/api/v1/students	http://localhost:3000
20230111	02:26:35	8c98f050-3f8f-4ea1-a985-0f3e80f83249	GET	/api/v1/students	http://localhost:3000
20230111	02:26:41	47578560-32bb-4068-8c5d-91cde3014cfe	GET	/api/v1/students	http://localhost:3000
20230111	02:26:41	79c33e16-c580-4050-a44b-ef6c9aeb7ad4	GET	/api/v1/students	http://localhost:3000
20230111	02:26:48	816e997b-5e1a-4ac7-a5a9-219c89db6feb	GET	/api/v1/students	http://localhost:3000
20230111	02:26:48	252645d4-a05b-4323-a41d-31212faf0034	GET	/api/v1/students	http://localhost:3000
20230111	02:26:50	95820030-986f-4a70-bf60-54237e5dc338	GET	/api/v1/students	http://localhost:3000
20230111	02:26:50	7060a7be-1520-491d-9a10-691206faa140	GET	/api/v1/students	http://localhost:3000
20230111	02:28:13	ad6781b6-35d3-4ec6-901d-2917d22da5dd	GET	/api/v1/students	http://localhost:3000
20230111	02:28:13	113fc87b-cf3d-44ae-ba25-fd42e5b42595	GET	/api/v1/students	http://localhost:3000
20230111	02:28:15	6eaa09ed-3f6d-411d-b53e-4adeaba443c9	GET	/api/v1/students	http://localhost:3000
20230111	02:28:15	729af749-9c95-491b-9c95-c1adc5f4cdad	GET	/api/v1/students	http://localhost:3000
20230111	02:30:04	0552c700-f2af-4349-85f4-6453ca7ab640	OPTIONS	/api/v1/students	http://localhost:3000
20230111	02:30:04	94fba872-738d-49b5-a87e-6918e9f61d30	DELETE	/api/v1/students	http://localhost:3000
20230111	02:30:04	048971c6-a01b-418a-8cf3-a152a8ef20f8	GET	/api/v1/students	http://localhost:3000
20230111	02:30:04	8376fc95-be6a-4d89-a172-bd9d62c22606	GET	/api/v1/students	http://localhost:3000
20230111	02:33:16	cd5fb76a-043c-490b-a6a6-3533781f67c5	GET	/api/v1/students	http://localhost:3000
20230111	02:33:33	30ccabca-3fa0-4163-bed0-ae3148b7f6d8	GET	/api/v1/students	http://localhost:3000
20230111	02:33:33	78e723c6-e273-4329-a0d2-db51034afd22	GET	/api/v1/students	http://localhost:3000
20230111	02:33:38	3ce03807-ecaa-486f-8582-d291b1c88f1c	GET	/api/v1/students	http://localhost:3000
20230111	02:33:38	9f99b923-9707-4e5f-b7e5-dc0f6cc60e0f	GET	/api/v1/students	http://localhost:3000
20230111	02:38:43	89601b27-3e85-41d2-85d2-eaf755ae7939	GET	/api/v1/students	http://localhost:3000
20230111	02:38:43	a996b846-6fd6-4236-92e3-09888e5df827	GET	/api/v1/students	http://localhost:3000
20230111	02:38:50	4b023d7c-c36d-4a07-85f8-090224c032a2	GET	/api/v1/students	http://localhost:3000
20230111	02:38:50	c8ee9ad9-dc82-4a86-84dd-2887e29d42e0	GET	/api/v1/students	http://localhost:3000
20230111	02:38:52	4b5ba6d7-cd39-454a-8608-577a467a2510	GET	/api/v1/students	http://localhost:3000
20230111	02:38:52	43fc7507-ad4d-45aa-b498-a72e7c587163	GET	/api/v1/students	http://localhost:3000
20230111	02:40:22	77a2bf01-512a-44fb-9b53-7eef3115021c	GET	/api/v1/students	http://localhost:3000
20230111	02:40:31	03a49b33-bb7b-46c8-b09b-50748f4ba6ba	GET	/api/v1/students	http://localhost:3000
20230111	02:40:31	3adaa90b-5506-4b15-be7e-16e0e1d951b4	GET	/api/v1/students	http://localhost:3000
20230111	02:41:50	70e73b59-cd29-42f4-83d3-f22c6c68086f	GET	/api/v1/students	http://localhost:3000
20230111	02:41:50	1e208372-5bd2-4032-a39d-1350440312a0	GET	/api/v1/students	http://localhost:3000
20230111	02:47:13	7819a873-0399-42a0-9552-294363951182	OPTIONS	/api/v1/students	http://localhost:3000
20230111	02:47:13	b824b9ef-ac04-492d-80ac-4d82b16387ff	DELETE	/api/v1/students	http://localhost:3000
20230111	02:47:13	c3be4246-1cb4-4545-9eca-49a12d0cb623	GET	/api/v1/students	http://localhost:3000
20230111	02:47:13	acfe9642-166f-4085-b51d-706026c76ac4	GET	/api/v1/students	http://localhost:3000
20230111	02:47:20	6a84a455-f97f-455c-a100-9a6b92dca48f	GET	/api/v1/students	http://localhost:3000
20230111	02:47:20	9eff5b65-9898-41ce-9246-846eef213b11	GET	/api/v1/students	http://localhost:3000
20230111	02:49:34	a8165966-e154-4c42-bca6-c93a50272a92	GET	/api/v1/students	http://localhost:3000
20230111	02:49:34	2baf30b9-7d80-4a76-8d83-b05aa7d85c1e	GET	/api/v1/students	http://localhost:3000
20230111	02:49:38	65c53d9d-ea71-43e8-8b87-3c2a0d68e502	GET	/api/v1/students	http://localhost:3000
20230111	02:49:38	09e43ef9-3744-49c5-99a5-8a5c3db74a1c	GET	/api/v1/students	http://localhost:3000
20230111	03:07:44	975fd80d-adf2-4207-aabc-0118eaa9706b	OPTIONS	/api/v1/students	http://localhost:3000
20230111	03:07:44	fd36a8f7-869c-4ec5-ac2d-b00f0bfc6a3a	DELETE	/api/v1/students	http://localhost:3000
20230111	03:07:44	78f6936c-42a5-44ce-9b9c-f803343df06f	GET	/api/v1/students	http://localhost:3000
20230111	03:07:44	cd5d0637-911a-4277-9a3d-6f4ec630f25d	GET	/api/v1/students	http://localhost:3000
20230111	03:07:55	13d99b8a-cfbf-405b-a943-1bcba3846713	GET	/api/v1/students	http://localhost:3000
20230111	03:07:55	b9edad2b-868f-423f-8a25-dfbb1a9ff7e7	GET	/api/v1/students	http://localhost:3000
20230111	03:07:57	0c24933a-1f8d-461c-af9b-e29bf1d1c784	GET	/api/v1/students	http://localhost:3000
20230111	03:07:57	bab2494e-ac04-46b3-9744-36fd7f9402c5	GET	/api/v1/students	http://localhost:3000
20230111	03:08:29	f62a973d-792e-49af-8b5d-3c19a4062b48	GET	/api/v1/students	http://localhost:3000
20230111	03:08:29	da1ef8de-11a9-431d-b3bd-8a6939338540	GET	/api/v1/students	http://localhost:3000
20230111	03:08:31	e70547c3-3416-4cf7-8c41-80d3e71285e7	GET	/api/v1/students	http://localhost:3000
20230111	03:08:31	7f304092-c361-48af-8a1b-1a0df88b5c25	GET	/api/v1/students	http://localhost:3000
20230111	03:08:35	41170d17-d9f6-48e4-bb48-80e25506da74	GET	/api/v1/students	http://localhost:3000
20230111	03:08:35	ca9177ce-27d9-412c-a5a3-c65ca536fa28	GET	/api/v1/students	http://localhost:3000
20230111	03:10:04	aee4e087-f4ba-423a-9d5b-b6725f26ed89	GET	/api/v1/students	http://localhost:3000
20230111	03:10:04	d2665e8e-ea80-4383-9bd6-e4b902de2613	GET	/api/v1/students	http://localhost:3000
20230111	13:29:59	6921fff4-52a1-4e40-a93e-d53fb96e4c78	GET	/api/v1/students	http://localhost:3000
20230111	13:29:59	39480edc-d5eb-4433-8a9b-8b76e3d12256	GET	/api/v1/students	http://localhost:3000
20230111	13:30:10	aea9c399-8aba-4518-b5c4-e17f53f3e3c2	GET	/api/v1/students	http://localhost:3000
20230111	13:30:10	df8a48cb-3a94-4bbd-8b0a-a4aecdf3f7bd	GET	/api/v1/students	http://localhost:3000
20230111	13:31:28	1476abe3-4b01-4a0c-85d0-cac4a84434f6	GET	/api/v1/students	http://localhost:3000
20230111	13:31:28	eace9217-37af-45f4-8d70-1ab4484cd829	GET	/api/v1/students	http://localhost:3000
20230111	13:44:07	2be6c07c-8f0b-45a4-886a-46a76b71a835	GET	/api/v1/students	http://localhost:3000
20230111	13:44:07	c2db601a-e3e7-4892-a3ec-0cfa5e793a67	GET	/api/v1/students	http://localhost:3000
20230111	13:44:29	1de4ccfd-7b93-49f6-b6df-e29811f4d38c	GET	/api/v1/students	http://localhost:3000
20230111	13:44:36	24caacaa-6424-42d6-a621-e9835522ed39	GET	/api/v1/students	http://localhost:3000
20230111	13:44:36	d3a5b3f2-0602-4097-9b14-ca214a1486cf	GET	/api/v1/students	http://localhost:3000
20230111	13:46:22	99155db9-0ba9-43cf-afe8-067d4ce09a42	GET	/api/v1/students	http://localhost:3000
20230111	13:46:22	7fe7aa7a-fa29-4358-84b6-140f73d97cf2	GET	/api/v1/students	http://localhost:3000
20230111	13:48:45	08fca780-59b9-482f-8d45-2686681fa5d8	GET	/api/v1/students	http://localhost:3000
20230111	13:49:23	8ccbf4e8-ccc9-4989-b2bb-551b2cf6f282	GET	/api/v1/students	http://localhost:3000
20230111	13:49:23	9414c38f-84b9-4faf-b1fb-557de876b8a4	GET	/api/v1/students	http://localhost:3000
20230111	13:49:27	38b1c282-db1e-41d0-bbb7-8ca4b8752b7c	GET	/api/v1/students	http://localhost:3000
20230111	13:49:27	ae4dfa90-368b-487b-8bed-b29961966540	GET	/api/v1/students	http://localhost:3000
20230111	13:50:48	54c4eb91-cdad-4e95-b499-e98927451957	GET	/api/v1/students	http://localhost:3000
20230111	13:50:57	a16731c4-15a7-40a6-9413-49eceee71262	GET	/api/v1/students	http://localhost:3000
20230111	13:50:57	6b1a9f36-2d61-46a1-a08f-0ee916f56557	GET	/api/v1/students	http://localhost:3000
20230111	13:50:59	f6e2ef44-05e9-41f3-9243-580beaaae926	GET	/api/v1/students	http://localhost:3000
20230111	13:50:59	8a43cad4-f15c-4bac-af7d-47eb11648d09	GET	/api/v1/students	http://localhost:3000
20230111	13:52:53	3709c151-899d-43af-8674-cc547545623b	GET	/api/v1/students	http://localhost:3000
20230111	13:57:40	2c685df6-4ed8-4fc1-b486-bd5002fbc47a	OPTIONS	/api/v1/students	http://localhost:3000
20230111	13:57:40	fdddcc57-e1a7-4b65-a900-f5465203610c	PATCH	/api/v1/students	http://localhost:3000
20230111	13:57:41	7e89d6b9-0279-4a00-a9e8-0a2ccc9c8991	GET	/api/v1/students	http://localhost:3000
20230111	13:57:41	54dae4d7-2c43-4298-bc38-b2e70fba2c95	GET	/api/v1/students	http://localhost:3000
20230111	13:59:06	ed173300-fe69-457d-9f3d-0b37d181f35c	GET	/api/v1/students	http://localhost:3000
20230111	13:59:06	cdf63823-b676-464e-ba13-b36a5f96282a	GET	/api/v1/students	http://localhost:3000
20230111	14:02:06	f2048379-4dd1-4f8b-93b7-625c5f2fe2ca	GET	/api/v1/students	http://localhost:3000
20230111	14:02:14	a35a29b8-d8f3-4aea-8f0e-ad1c40299bba	GET	/api/v1/students	http://localhost:3000
20230111	14:02:14	273aa031-ed84-4085-b210-3ff2007e1259	GET	/api/v1/students	http://localhost:3000
20230111	14:02:16	7ca92c31-4637-481b-9e56-939f27d7ada6	GET	/api/v1/students	http://localhost:3000
20230111	14:02:16	4755f0fd-164b-468b-b629-dc817f339c17	GET	/api/v1/students	http://localhost:3000
20230111	14:10:26	1e14f784-f029-4461-952c-729d081a8c40	GET	/api/v1/students	undefined
20230111	14:14:09	e1b8d960-d3ab-4615-ad33-76aab383a591	GET	/api/v1/students?id=5	undefined
20230111	14:19:41	c121fb41-64a2-4921-a547-80890ad103ce	GET	/api/v1/students?id=5	undefined
20230111	14:19:49	912abe8c-4d01-42b8-bbe0-0e5a99bd4f49	GET	/api/v1/students	undefined
20230111	14:20:16	fa8547c7-c15c-450b-9c4a-63107cc50d01	GET	/api/v1/students/5	undefined
20230111	14:20:44	9638cd3e-4f70-4b99-895c-f81ec817515d	GET	/api/v1/students/5	undefined
20230111	14:20:53	a87212e1-2e5d-46cf-9554-18e9acb45708	GET	/api/v1/students/	undefined
20230111	14:21:10	b1a6d153-38df-4d12-9688-bf7ff96b398a	GET	/api/v1/students/	undefined
20230111	14:21:40	561c71e4-e404-4c66-afbd-ecd96759f6f3	GET	/api/v1/students/?id=5	undefined
20230111	14:22:13	8a240fdf-60b2-45a1-b085-f6b316456e83	GET	/	undefined
20230111	14:22:14	9454916a-cba0-4dd6-b266-9dc2633a76d5	GET	/css/style.css	undefined
20230111	14:22:48	04f6a7d4-7c1f-4d20-9cc7-da958b161987	GET	/api/v1/students/5	undefined
20230111	14:23:30	f1cc021e-fb1d-46a4-ae12-6b5cfa144d0a	GET	/api/v1/students?id=5	undefined
20230111	14:23:56	301a0b31-c2c0-49d8-9907-3dd9108de18f	GET	/api/v1/students/5	undefined
20230111	14:24:30	c04be392-7bfa-4a3b-a446-17477d9bc59d	GET	/api/v1/students/5	undefined
20230111	14:26:34	b8501602-6efa-42eb-a6c4-d09e1e362903	GET	/api/v1/students/5	undefined
20230111	14:27:37	414f7edd-dad3-462c-8f96-917c138e97c3	GET	/api/v1/students?id=5	undefined
20230111	14:28:14	68299a8b-1389-401d-87e4-8b327c7ec590	GET	/api/v1/students/5	undefined
20230111	14:34:49	cad4b1b0-a290-424c-a05e-dfd5f02bbce9	DELETE	/api/v1/students/5	undefined
20230111	14:34:55	681a3208-d695-4c1e-a296-e8aaac0009ba	GET	/api/v1/students	undefined
20230111	14:36:29	eae8e2b6-4d42-41de-a519-661c6cb2a87d	PATCH	/api/v1/students/5	undefined
20230111	14:36:34	7ec9e5b1-9ef1-4448-9080-a9589717ea51	GET	/api/v1/students	undefined
20230111	14:37:20	eb9ecd80-6800-4a6a-b6e7-0c890d3aaae7	POST	/api/v1/students/	undefined
20230111	14:37:24	236f8c19-d5a9-4ac1-a200-8b2ee5c5552d	GET	/api/v1/students	undefined
20230111	14:37:55	577c1fb1-1f4f-4577-b741-c4fa5630bf80	PATCH	/api/v1/students/10	undefined
20230111	14:38:00	c1609463-2950-401f-9df3-aaefdad2928f	GET	/api/v1/students	undefined
20230111	14:39:33	ddbe0b12-fd18-4f42-a4c0-db70d421a0a9	GET	/api/v1/students/5	undefined
20230111	14:40:57	0334e772-74d4-44ec-92c5-3232e11d9259	GET	/api/v1/students/10	undefined
20230111	14:41:17	be7076a6-4668-4707-a942-98731429f978	GET	/api/v1/students/10	undefined
20230111	14:43:15	98cc871c-c31f-4a3e-976e-6bffe6dd5330	GET	/api/v1/students/9	http://localhost:3000
20230111	14:43:28	a55bbfe3-6938-41ae-8cfb-2c1a419cfae6	GET	/api/v1/students	http://localhost:3000
20230111	14:43:28	6149f750-a4fa-4592-8330-2521f6b8fbdf	GET	/api/v1/students	http://localhost:3000
20230111	14:43:32	afa4c779-bce4-490f-8203-b25846885856	GET	/api/v1/students/10	http://localhost:3000
20230111	14:43:32	f8de7ac3-8d66-4f1b-a698-9038930652c8	GET	/api/v1/students/10	http://localhost:3000
20230111	14:44:14	29afeeb1-749c-4501-b3e2-f783a756f592	GET	/api/v1/students/10	http://localhost:3000
20230111	14:44:18	69b2b115-40fb-478c-b0c2-b7318c4ebcf8	GET	/api/v1/students/10	http://localhost:3000
20230111	14:44:18	41cb5aa2-b240-4e0c-a521-640999b819df	GET	/api/v1/students/10	http://localhost:3000
20230111	14:44:34	215fff83-8d35-49c2-8ba6-8de7ce911c0e	GET	/api/v1/students	http://localhost:3000
20230111	14:44:34	6fac9bf9-939e-423e-bd96-06d74a59a7ae	GET	/api/v1/students	http://localhost:3000
20230111	14:44:36	c630d731-fce0-4718-96fa-d823d77e8522	GET	/api/v1/students/10	http://localhost:3000
20230111	14:44:36	11c22cfd-cd9d-4a5a-bd4a-5bbdb2a2b28f	GET	/api/v1/students/10	http://localhost:3000
20230111	14:46:34	555810e4-27ec-4bf9-b602-fea0032a47d3	GET	/api/v1/students/10	http://localhost:3000
20230111	14:47:31	16d50b8b-e06f-44a6-9a03-df96e5114b23	GET	/api/v1/students/10	http://localhost:3000
20230111	14:47:48	176ef1dc-84b6-4289-aaf7-c34f731c6547	GET	/api/v1/students	http://localhost:3000
20230111	14:47:48	da530dd8-d481-4749-ba82-91f718e7016e	GET	/api/v1/students	http://localhost:3000
20230111	14:47:53	2df4a60c-da89-4f47-881b-4dc92d8ceb7b	GET	/api/v1/students/10	http://localhost:3000
20230111	14:47:53	31d30b9a-fde2-4b2f-86f6-a88775fa1639	GET	/api/v1/students/10	http://localhost:3000
20230111	14:49:46	eb488e61-d7df-4758-8186-8a9c937f1589	GET	/api/v1/students/10	http://localhost:3000
20230111	14:50:02	85318d99-e71b-4b27-aead-d0a422bc66c7	GET	/api/v1/students	http://localhost:3000
20230111	14:50:02	1f4732b4-165b-40e9-b996-3b4b0ad701f8	GET	/api/v1/students	http://localhost:3000
20230111	14:50:05	964a8f2a-14c3-4dae-bb61-b6fbe23ce471	GET	/api/v1/students/10	http://localhost:3000
20230111	14:50:05	6f2f1f94-a7e5-472e-b75d-8eac60ee47e1	GET	/api/v1/students/10	http://localhost:3000
20230111	14:52:01	ba6d39cf-bfce-4e8c-89b6-0c04ec352e12	GET	/api/v1/students/10	http://localhost:3000
20230111	14:52:10	823326a6-8def-4359-afc1-ce2719187e3f	GET	/api/v1/students	http://localhost:3000
20230111	14:52:10	98ecdbd1-6698-4b9f-b2db-dae249312c44	GET	/api/v1/students	http://localhost:3000
20230111	14:52:13	e577d9ff-4ee1-413e-8787-d6ac09ea8ed3	GET	/api/v1/students/10	http://localhost:3000
20230111	14:52:13	d42feb14-e03c-4955-b032-304249ab2147	GET	/api/v1/students/10	http://localhost:3000
20230111	14:53:34	0ffd59d5-2a69-42dd-b5a3-fbd0696624c8	GET	/api/v1/students/10	http://localhost:3000
20230111	14:54:08	79538741-5406-488a-ab6f-9a686d4e77ce	OPTIONS	/api/v1/students	http://localhost:3000
20230111	14:54:08	11228e77-efd2-4b53-b4b7-3a6c9a9db548	DELETE	/api/v1/students	http://localhost:3000
20230111	14:54:08	d4907990-3ae8-49fd-94a0-cf58e965aa58	GET	/api/v1/students	http://localhost:3000
20230111	14:55:08	372dab8b-027e-4a1a-93f2-60ef0b07df4d	GET	/api/v1/students/10	http://localhost:3000
20230111	14:58:34	dbacd3bd-3fcf-4107-80a5-4a9817718e23	GET	/api/v1/students/10	http://localhost:3000
20230111	14:58:45	7a95a6d6-5f77-4ca6-9970-8b80e929284c	GET	/api/v1/students/10	http://localhost:3000
20230111	15:12:56	2685541f-93a0-43ee-9096-598a3e9e2cae	GET	/api/v1/students	http://localhost:3000
20230111	15:13:02	aa7a1bd4-a49e-4e18-b0fa-05a0321a9fa6	GET	/api/v1/students/10	http://localhost:3000
20230111	15:16:17	2c4da835-719a-433d-a6ef-029635805b62	GET	/api/v1/students/10	http://localhost:3000
20230111	15:26:18	f89c4a4f-cc5b-42a5-9375-4a3c26e92ee8	GET	/api/v1/students/10	http://localhost:3000
20230111	15:26:24	c9573815-0d35-4cc3-ade2-0b822a4b47b2	GET	/api/v1/students	http://localhost:3000
20230111	15:26:26	7f81ade0-b31f-4b2a-b678-e29e0b1c8eef	GET	/api/v1/students/10	http://localhost:3000
20230111	15:47:01	0971c576-3193-43d9-b6e5-8b5350b8181d	GET	/api/v1/students/10	http://localhost:3000
20230111	15:47:06	cdec0993-eaa6-4f23-8e7b-d1912a7c0a1b	GET	/api/v1/students	http://localhost:3000
20230111	15:47:10	6f1b1060-2970-45bf-9e2a-80595f719be8	GET	/api/v1/students/10	http://localhost:3000
20230111	15:47:36	05884073-386d-4280-9be3-b259b97edeae	GET	/api/v1/students/10	http://localhost:3000
20230111	15:47:45	9165279f-3586-452e-a872-388ae0145799	GET	/api/v1/students/10	http://localhost:3000
20230111	15:55:05	659ad351-fe98-4ace-88f5-156a99fc2894	GET	/api/v1/students/10	http://localhost:3000
20230111	15:57:04	55d5583b-ca32-41b0-bd3e-d48433f8ffae	GET	/api/v1/students	http://localhost:3000
20230111	15:57:17	2ee73e80-d70d-47e3-be0b-cf0f40bba59a	GET	/api/v1/students/7	http://localhost:3000
20230111	15:57:59	63b3556d-ede7-4107-a08e-bae4820ff9f8	GET	/api/v1/students/7	http://localhost:3000
20230111	16:02:32	edee1269-c167-459f-b411-0aba05228678	GET	/api/v1/students/7	http://localhost:3000
20230111	16:02:39	cd018ff5-9bef-4d3e-8376-92dce60902b8	GET	/api/v1/students	http://localhost:3000
20230111	16:02:41	bbc523d3-f9cf-4383-ad3a-3748480a11d9	GET	/api/v1/students/10	http://localhost:3000
20230111	16:03:32	26a38982-8279-4a01-8b82-6c4b75d84b54	GET	/api/v1/students/10	http://localhost:3000
20230111	16:04:11	ce7c44cd-87bb-440d-b91d-b56725ff67a2	GET	/api/v1/students	http://localhost:3000
20230111	16:04:18	9e0d0a8b-3065-40b0-80b2-b86ed774779a	GET	/api/v1/students	http://localhost:3000
20230111	16:04:20	1217cc8e-dfbd-4569-a898-278b1349fd0e	GET	/api/v1/students/10	http://localhost:3000
20230111	16:05:14	703a0232-5a35-4dbd-85a9-98898fa35ae2	GET	/api/v1/students	http://localhost:3000
20230111	16:05:18	3a17194d-d635-4478-aaff-986097838d51	GET	/api/v1/students/9	http://localhost:3000
20230111	16:09:30	d8c824c6-5d62-401c-87fb-634f0113e9fc	GET	/api/v1/students/9	http://localhost:3000
20230111	16:09:47	38b03fe6-64c6-406d-bd6f-f4eef6e84169	GET	/api/v1/students	http://localhost:3000
20230111	16:09:49	a74ffb08-48b5-4199-b0cc-e7fde383caeb	GET	/api/v1/students/7	http://localhost:3000
20230111	16:10:40	7e681452-edfd-48b7-9dc0-43f6d38c47d8	GET	/api/v1/students/7	http://localhost:3000
20230111	16:11:11	e1e85868-b9bf-4001-87d8-fb94ad97dc3f	GET	/api/v1/students/7	http://localhost:3000
20230111	16:24:47	ac0c9c47-cb43-4775-a39c-c6a49696b643	OPTIONS	/api/v1/students/7	http://localhost:3000
20230111	16:24:47	5dce0f64-dd24-459a-99e8-71c337a3c918	DELETE	/api/v1/students/7	http://localhost:3000
20230111	16:24:48	e10d3ce6-2936-4dbd-9ae0-5005902d6520	GET	/api/v1/students	http://localhost:3000
20230111	16:24:55	b8933225-8923-4166-a9f6-4c34f76ba75d	GET	/api/v1/students/10	http://localhost:3000
20230111	16:25:21	99226af8-8650-4102-9095-f2fa8a2ff7dc	OPTIONS	/api/v1/students/10	http://localhost:3000
20230111	16:25:21	a9cf4fb1-159b-4520-83df-c5cf6091d520	PATCH	/api/v1/students/10	http://localhost:3000
20230111	16:25:21	84fec9b7-29d4-4e9b-857a-4cebc9a9738c	GET	/api/v1/students	http://localhost:3000
20230111	16:25:36	1cfd5073-fcaf-4693-b6d6-eb2de67e01dd	GET	/api/v1/students/9	http://localhost:3000
20230111	16:25:47	0653b67d-09dd-4ac8-93cd-f9a7054b1b46	GET	/api/v1/students	http://localhost:3000
20230111	16:25:57	1607040e-7232-4a4b-ad84-a73d5e18615d	GET	/api/v1/students/10	http://localhost:3000
20230111	16:26:42	1de1b097-0b3d-450f-a974-2b6ac45632c7	OPTIONS	/api/v1/students/10	http://localhost:3000
20230111	16:26:42	4f95413e-e45c-4395-bf75-298dc10a9168	PATCH	/api/v1/students/10	http://localhost:3000
20230111	16:26:42	0783d120-3b0b-4ce7-954a-841ebb726f1f	GET	/api/v1/students	http://localhost:3000
20230111	16:26:51	f5e6db70-63be-4df3-b574-aa8f879b9de1	GET	/api/v1/students	http://localhost:3000
20230111	16:26:58	05f2dbd4-928c-4616-b880-aa1cb2358f02	GET	/api/v1/students/10	http://localhost:3000
20230111	16:27:22	7084038a-cc5e-4705-83f0-9338c9724c6b	GET	/api/v1/students	undefined
20230111	16:27:47	fbeeef22-3afa-4f93-9047-a2b83fdd70e6	PATCH	/api/v1/students/10	undefined
20230111	16:27:56	f4de1e4f-0359-4d50-a6d0-80072130fd99	GET	/api/v1/students	undefined
20230111	16:28:10	b6c26b7e-5a4a-4026-bab9-0ce37cf11063	GET	/api/v1/students	http://localhost:3000
20230111	16:28:19	188a2e49-6662-4127-9678-dcdf7d597453	GET	/api/v1/students/10	http://localhost:3000
20230111	16:35:33	494c3c83-ef46-4530-9348-3a7167ef65e0	OPTIONS	/api/v1/students/10	http://localhost:3000
20230111	16:35:33	4a17c588-8d99-4d8c-8157-a6d3c7b730df	PATCH	/api/v1/students/10	http://localhost:3000
20230111	16:35:34	b335b21f-edb9-46d5-9c13-1f66b1b63a53	GET	/api/v1/students	http://localhost:3000
20230111	16:36:35	b8b4c9ae-7f88-425f-a3ab-94572039c605	GET	/api/v1/students	undefined
20230111	16:36:55	c941bcbf-673c-4029-9829-d8919c1c3a24	GET	/api/v1/students/10	http://localhost:3000
20230111	16:37:12	6dc214ce-e109-4abd-a65e-cc8e9317600b	OPTIONS	/api/v1/students/10	http://localhost:3000
20230111	16:37:12	586fb8ed-1906-4ebe-bcb1-c7d113411c77	PATCH	/api/v1/students/10	http://localhost:3000
20230111	16:37:12	463ba1cd-e5d3-4bba-9f38-2a374232654c	GET	/api/v1/students	http://localhost:3000
20230111	16:38:37	8dbb1031-1024-4709-9a68-c8c86cc05305	GET	/api/v1/students/10	http://localhost:3000
20230111	16:38:47	f18ead21-a26e-49bd-b746-2240623c2e09	OPTIONS	/api/v1/students/10	http://localhost:3000
20230111	16:38:47	1d3d3d82-21ae-43f0-b37e-51a556a875c5	PATCH	/api/v1/students/10	http://localhost:3000
20230111	16:38:47	dd3df73a-de25-49a2-b9e2-249f687a8dd5	GET	/api/v1/students	http://localhost:3000
20230111	16:41:15	65d8be8c-eba9-4c3e-9b64-5a1f125950e7	GET	/api/v1/students/10	http://localhost:3000
20230111	16:41:29	9cee093b-768d-4aca-9eca-aaac655520f0	OPTIONS	/api/v1/students/10	http://localhost:3000
20230111	16:41:29	ff394a4c-5d57-4028-bf7e-835ee11ba229	PATCH	/api/v1/students/10	http://localhost:3000
20230111	16:41:29	ff8a09fc-8348-4a03-a62b-24451cc8bbf9	GET	/api/v1/students	http://localhost:3000
20230111	16:41:37	f0559d6c-762f-4398-800b-bb8b6d0a2e02	GET	/api/v1/students/10	http://localhost:3000
20230111	16:41:51	2b3069a3-f201-4cad-a5fd-929691404421	OPTIONS	/api/v1/students/10	http://localhost:3000
20230111	16:41:51	a15a6dde-c7de-4887-a619-e79e83fa014c	PATCH	/api/v1/students/10	http://localhost:3000
20230111	16:41:51	09a900cd-622d-49d9-8f35-4c55c94b4033	GET	/api/v1/students	http://localhost:3000
20230111	16:41:56	93d535c4-e1aa-427d-8051-42d3e9465b09	GET	/api/v1/students/10	http://localhost:3000
20230111	16:41:57	09da1aa9-2e8c-4f96-8241-2734f5c17c74	OPTIONS	/api/v1/students/10	http://localhost:3000
20230111	16:41:57	0c60fbd3-8aa7-42ba-b874-98e90057995e	DELETE	/api/v1/students/10	http://localhost:3000
20230111	16:41:58	3fce6be2-6dfb-4602-b634-38f65e9f07c1	GET	/api/v1/students	http://localhost:3000
20230111	16:45:14	952ee75e-54bf-4e27-bea4-b42ef7be049d	GET	/api/v1/students	http://localhost:3000
20230111	16:45:17	fc36a9ec-dfa4-49f6-8ae1-30dd6b554c1f	GET	/api/v1/students/9	http://localhost:3000
20230111	16:46:55	b68a4c08-eaf9-4900-bdf1-9fd0ddd5648b	GET	/api/v1/students	http://localhost:3000
20230111	16:46:57	c360238c-9ba2-4e3c-b75c-f6af912d543c	GET	/api/v1/students/9	http://localhost:3000
20230111	16:48:00	6e5f1403-e9d7-4048-848d-63508609c875	GET	/api/v1/students	http://localhost:3000
20230111	16:48:02	873539cb-3f33-4781-b109-71577f4dbf15	GET	/api/v1/students/9	http://localhost:3000
20230111	16:48:51	dcfc484f-07d5-4273-a3fe-d58112b999c6	GET	/api/v1/students	http://localhost:3000
20230111	16:48:53	a7ce8520-b83e-4e62-9724-f31a3cdb227b	GET	/api/v1/students/9	http://localhost:3000
20230111	16:49:03	ce8861d3-be05-4930-9a99-f359e911a07f	GET	/api/v1/students	http://localhost:3000
20230111	16:49:05	f6e91b5f-f690-4aeb-8cee-6165774fa009	GET	/api/v1/students/9	http://localhost:3000
20230111	16:49:32	bd0509cc-79ea-4210-9c0b-0e121eb2f2df	GET	/api/v1/students	http://localhost:3000
20230111	16:49:34	eb2f2b1c-111b-4f02-aade-83182449d8c9	GET	/api/v1/students/9	http://localhost:3000
20230111	16:50:40	c3832f6c-0e05-4f22-82ec-6aef80a62b1f	OPTIONS	/api/v1/students/9	http://localhost:3000
20230111	16:50:40	a48b5176-34b9-4e4d-9d17-ea7059d68c65	PATCH	/api/v1/students/9	http://localhost:3000
20230111	16:50:41	f667452d-e5c1-4a46-9181-9974fb76a0f9	GET	/api/v1/students	http://localhost:3000
20230111	16:50:59	af8e0a85-29c8-4a0a-92cf-943db423ec93	GET	/api/v1/students/9	http://localhost:3000
20230111	16:54:04	97df9ae9-5a08-4cd4-803e-2a7db510ed65	GET	/api/v1/students	http://localhost:3000
20230111	16:54:07	da67560f-0567-4fd0-8793-6b687864d237	GET	/api/v1/students/9	http://localhost:3000
20230111	17:01:45	77657a7f-7681-4995-b82c-87b2ca3f89fb	GET	/api/v1/students	http://localhost:3000
20230111	17:01:47	d84310a3-9ab0-446a-8722-654966575681	GET	/api/v1/students/9	http://localhost:3000
20230111	17:02:31	a2052c8f-b556-4e0b-b493-6b54b5c054bb	GET	/api/v1/students	http://localhost:3000
20230111	17:02:39	6598fc7a-9e5a-4df8-9c76-948c06861d67	GET	/api/v1/students/9	http://localhost:3000
20230111	17:04:55	657734fe-54b3-4d68-af5e-1377ceb94cb0	GET	/api/v1/students	http://localhost:3000
20230111	17:04:57	8701fdae-93b7-4fcf-b49a-58b95551911a	GET	/api/v1/students/9	http://localhost:3000
20230111	17:18:52	38a11b1f-7167-44c0-a21c-caa32f589fc6	GET	/api/v1/students/9	http://localhost:3000
20230111	17:18:57	bc8a1b7f-d1d8-40ac-93f5-77e7118213a4	GET	/api/v1/students	http://localhost:3000
20230111	17:18:58	488b76b0-c6e9-46f9-8114-503de7eee3d0	GET	/api/v1/students/8	http://localhost:3000
20230111	17:20:21	5b72894c-4e67-41f0-8fc1-d5ecd3a0d6f7	GET	/api/v1/students	http://localhost:3000
20230111	17:20:23	8e3fc9b4-a6c4-416a-b9c0-a69ad7d4cb54	GET	/api/v1/students/9	http://localhost:3000
20230111	17:20:31	44e9fb40-4c0e-4190-aebd-81104a90c47b	GET	/api/v1/students/9	http://localhost:3000
20230111	17:22:54	d81b5b9c-b9c6-4660-b25c-09357a755e5c	GET	/api/v1/students	http://localhost:3000
20230111	17:23:00	c8f0b756-3f4a-42d6-8f78-2e976030a7ae	GET	/api/v1/students/9	http://localhost:3000
20230111	17:23:54	015f3342-7cb9-49f7-a3c1-b7e765943cfd	GET	/api/v1/students	http://localhost:3000
20230111	17:24:12	7cbeb1e9-c04b-456d-a2c3-f91bd6576024	GET	/api/v1/students/8	http://localhost:3000
20230111	17:26:27	04a684a2-1005-4543-a19c-a0027993ea4e	GET	/api/v1/students	http://localhost:3000
20230111	17:26:29	fbaf0c1c-04e8-47c1-9733-d8b976bc3079	GET	/api/v1/students/9	http://localhost:3000
20230111	18:17:09	e8d43c42-b844-4c49-8591-0981e69e0743	GET	/api/v1/courses	http://localhost:3000
20230111	18:17:56	ce77d3d5-33a5-4fb5-8908-39611a657b46	OPTIONS	/api/v1/courses	http://localhost:3000
20230111	18:17:56	5c85ebea-f662-4b1b-8cc3-a259a5a33af5	POST	/api/v1/courses	http://localhost:3000
20230111	18:17:56	9195da83-30ee-4ada-b343-a2ca11c6d9fe	GET	/api/v1/courses	http://localhost:3000
20230111	18:18:56	99f24d58-d8d7-4d6d-9ac5-d1834f85707f	GET	/api/v1/courses	undefined
20230111	18:20:08	b01bf2b0-e008-4dd9-a6fd-3f833a5c03e7	POST	/api/v1/courses	undefined
20230111	18:21:45	007b24f5-5d41-4e4f-807c-6b898632300a	POST	/api/v1/courses	undefined
20230111	18:22:12	7453aae4-7671-4126-8242-56cb9c202353	POST	/api/v1/courses	undefined
20230111	18:22:17	5fce5a26-ca01-420e-a28e-97d43d815344	GET	/api/v1/courses	http://localhost:3000
20230111	18:23:46	fa268360-9cd6-4f7d-9848-a461dbdcccd6	OPTIONS	/api/v1/courses	http://localhost:3000
20230111	18:23:46	7749beed-36a0-4991-92d3-a6e2bf4c862c	POST	/api/v1/courses	http://localhost:3000
20230111	18:23:46	ca126ad2-7e72-4de4-9b28-0c2d3911e2d0	GET	/api/v1/courses	http://localhost:3000
20230111	18:24:14	3623b884-757c-4320-8a8e-b566de60038f	GET	/api/v1/courses	http://localhost:3000
20230111	18:24:32	02f2f37a-85a1-4588-92d8-85168f471724	GET	/api/v1/courses	http://localhost:3000
20230111	18:24:37	bbae2baa-f855-42ec-8c8d-7ddc2e17c6dc	GET	/api/v1/courses	http://localhost:3000
20230111	18:25:36	b71f4ded-fa49-4e88-a694-0c7c3015e6aa	GET	/api/v1/courses	http://localhost:3000
20230111	18:27:47	476983c3-84eb-4043-9159-747fdb182ae2	GET	/api/v1/courses	http://localhost:3000
20230111	18:31:56	1c4a70f3-e03b-4cee-9a8d-13e22705d7ec	GET	/api/v1/courses	http://localhost:3000
20230111	18:33:36	68dd92fe-6d81-4e81-8607-5efceb619873	GET	/api/v1/courses/2	http://localhost:3000
20230111	18:41:56	c7df8975-8e7b-46ab-ad5a-92b1714fe489	GET	/api/v1/courses	http://localhost:3000
20230111	18:41:59	7924d506-61dd-46c0-9436-d9f4c708e1f1	GET	/api/v1/courses/1	http://localhost:3000
20230111	18:42:01	dae669a1-728d-4a2e-b104-1873b6bf38af	OPTIONS	/api/v1/courses/1	http://localhost:3000
20230111	18:42:01	511b7049-f3b2-4102-9d06-7cf070b4dbfc	DELETE	/api/v1/courses/1	http://localhost:3000
20230111	18:42:01	2d19fd1c-5ddb-4c9d-9c9a-d29fce62d8bb	GET	/api/v1/courses	http://localhost:3000
20230111	20:28:45	2055765c-1725-4dc2-9443-8dcecb8ecf32	GET	/api/v1/students	undefined
